<?xml version="1.0" encoding="UTF-8"?>
<!-- Generated by org.testng.reporters.JUnitReportReporter -->
<testsuite hostname="Priya-Ranjith" failures="0" tests="3" name="testScript.CreateCustomer" time="33.381" errors="0" timestamp="2023-05-11T05:55:53 IST" skipped="0">
  <testcase classname="testScript.CreateCustomer" name="title" time="12.786"/>
  <system-out/>
  <testcase classname="testScript.CreateCustomer" name="url" time="8.262"/>
  <system-out/>
  <testcase classname="testScript.CreateCustomer" name="createCustomer" time="12.333"/>
  <system-out/>
</testsuite> <!-- testScript.CreateCustomer -->
