<?xml version="1.0" encoding="UTF-8"?>
<!-- Generated by org.testng.reporters.JUnitReportReporter -->
<testsuite hostname="Priya-Ranjith" failures="0" tests="4" name="testScript.DemoTesting" time="71.884" errors="0" timestamp="2023-05-15T16:02:23 IST" skipped="0">
  <testcase classname="testScript.DemoTesting" name="login" time="13.053"/>
  <system-out/>
  <testcase classname="testScript.DemoTesting" name="login" time="14.314"/>
  <system-out/>
  <testcase classname="testScript.DemoTesting" name="login" time="29.686"/>
  <system-out/>
  <testcase classname="testScript.DemoTesting" name="login" time="14.831"/>
  <system-out/>
</testsuite> <!-- testScript.DemoTesting -->
