<?xml version="1.0" encoding="UTF-8"?>
<!-- Generated by org.testng.reporters.JUnitReportReporter -->
<testsuite hostname="Priya-Ranjith" failures="0" tests="1" name="testScript.AlertHandling" time="22.266" errors="0" timestamp="2023-05-05T12:35:09 IST" skipped="0">
  <testcase classname="testScript.AlertHandling" name="alertHandling" time="22.266"/>
  <system-out/>
</testsuite> <!-- testScript.AlertHandling -->
