<?xml version="1.0" encoding="UTF-8"?>
<!-- Generated by org.testng.reporters.JUnitReportReporter -->
<testsuite hostname="Priya-Ranjith" failures="0" tests="1" name="testScript.DropdownHandling" time="21.247" errors="0" timestamp="2023-05-05T12:35:09 IST" skipped="0">
  <testcase classname="testScript.DropdownHandling" name="dropdownHandling" time="21.247"/>
  <system-out/>
</testsuite> <!-- testScript.DropdownHandling -->
